<?xml version="1.0" encoding="UTF-8"?>
<coverage generated="1653628082549" clover="3.2.0">
  <project timestamp="1653628082549" name="All files">
    <metrics statements="3" coveredstatements="3" conditionals="2" coveredconditionals="2" methods="1" coveredmethods="1" elements="6" coveredelements="6" complexity="0" loc="3" ncloc="3" packages="1" files="1" classes="1"/>
    <file name="a-simple-component.js" path="C:\Users\timot\OneDrive\Desktop\reactjs.org\content\home\examples\a-simple-component.js">
      <metrics statements="3" coveredstatements="3" conditionals="2" coveredconditionals="2" methods="1" coveredmethods="1"/>
      <line num="4" count="6" type="cond" truecount="2" falsecount="0"/>
      <line num="5" count="4" type="stmt"/>
      <line num="7" count="2" type="stmt"/>
    </file>
  </project>
</coverage>
